  stdafx.cpp
  dllmain.cpp
  DatabaseLibrary.cpp
c:\users\james\documents\github\teamprojectone\databaselibrary.cpp(8): error C2511: 'DatabaseLibrary::Record::Record(int)': overloaded member function not found in 'DatabaseLibrary::Record'
  c:\users\james\documents\github\teamprojectone\databaselibrary.h(13): note: see declaration of 'DatabaseLibrary::Record'
c:\users\james\documents\github\teamprojectone\databaselibrary.cpp(9): error C2597: illegal reference to non-static member 'DatabaseLibrary::Record::size'
c:\users\james\documents\github\teamprojectone\databaselibrary.cpp(10): error C2597: illegal reference to non-static member 'DatabaseLibrary::Record::entries'
c:\users\james\documents\github\teamprojectone\databaselibrary.cpp(12): error C2597: illegal reference to non-static member 'DatabaseLibrary::Record::size'
c:\users\james\documents\github\teamprojectone\databaselibrary.cpp(12): error C3867: 'DatabaseLibrary::Record::size': non-standard syntax; use '&' to create a pointer to member
c:\users\james\documents\github\teamprojectone\databaselibrary.cpp(13): error C2597: illegal reference to non-static member 'DatabaseLibrary::Record::size'
c:\users\james\documents\github\teamprojectone\databaselibrary.cpp(13): error C2597: illegal reference to non-static member 'DatabaseLibrary::Record::entries'
c:\users\james\documents\github\teamprojectone\databaselibrary.cpp(14): error C2597: illegal reference to non-static member 'DatabaseLibrary::Record::size'
c:\users\james\documents\github\teamprojectone\databaselibrary.cpp(14): error C3867: 'DatabaseLibrary::Record::size': non-standard syntax; use '&' to create a pointer to member
c:\users\james\documents\github\teamprojectone\databaselibrary.cpp(14): error C2568: '<': unable to resolve function overload
c:\users\james\documents\github\teamprojectone\databaselibrary.cpp(15): error C2597: illegal reference to non-static member 'DatabaseLibrary::Record::entries'
c:\users\james\documents\github\teamprojectone\databaselibrary.cpp(15): error C3867: 'DatabaseLibrary::Record::entries': non-standard syntax; use '&' to create a pointer to member
c:\users\james\documents\github\teamprojectone\databaselibrary.cpp(15): error C2109: subscript requires array or pointer type
c:\users\james\documents\github\teamprojectone\databaselibrary.cpp(25): error C2556: 'int DatabaseLibrary::Record::getSize(void)': overloaded function differs only by return type from 'size_t DatabaseLibrary::Record::getSize(void)'
  c:\users\james\documents\github\teamprojectone\databaselibrary.h(21): note: see declaration of 'DatabaseLibrary::Record::getSize'
c:\users\james\documents\github\teamprojectone\databaselibrary.cpp(24): error C2371: 'DatabaseLibrary::Record::getSize': redefinition; different basic types
  c:\users\james\documents\github\teamprojectone\databaselibrary.h(21): note: see declaration of 'DatabaseLibrary::Record::getSize'
c:\users\james\documents\github\teamprojectone\databaselibrary.cpp(153): error C2556: 'int DatabaseLibrary::Table::getSize(void)': overloaded function differs only by return type from 'size_t DatabaseLibrary::Table::getSize(void)'
  c:\users\james\documents\github\teamprojectone\databaselibrary.h(41): note: see declaration of 'DatabaseLibrary::Table::getSize'
c:\users\james\documents\github\teamprojectone\databaselibrary.cpp(152): error C2371: 'DatabaseLibrary::Table::getSize': redefinition; different basic types
  c:\users\james\documents\github\teamprojectone\databaselibrary.h(41): note: see declaration of 'DatabaseLibrary::Table::getSize'
